<?xml version="1.0" encoding="UTF-8"?>
<testng-results ignored="0" total="2" passed="2" failed="0" skipped="0">
  <reporter-output>
  </reporter-output>
  <suite started-at="2021-10-03T11:57:45 IST" name="Suite" finished-at="2021-10-03T11:58:50 IST" duration-ms="65471">
    <groups>
    </groups>
    <test started-at="2021-10-03T11:57:45 IST" name="Test" finished-at="2021-10-03T11:58:50 IST" duration-ms="65471">
      <class name="com.orange.TestScripts.LeadTest">
        <test-method signature="LoginTest()[pri:0, instance:com.orange.TestScripts.LeadTest@5d0a1059]" started-at="2021-10-03T11:58:24 IST" name="LoginTest" finished-at="2021-10-03T11:58:50 IST" duration-ms="26643" status="PASS">
          <reporter-output>
          </reporter-output>
        </test-method> <!-- LoginTest -->
      </class> <!-- com.orange.TestScripts.LeadTest -->
      <class name="com.orange.TestScripts.LoginTestCase">
        <test-method signature="LoginTest()[pri:0, instance:com.orange.TestScripts.LoginTestCase@4738a206]" started-at="2021-10-03T11:57:45 IST" name="LoginTest" finished-at="2021-10-03T11:58:24 IST" duration-ms="38790" status="PASS">
          <reporter-output>
          </reporter-output>
        </test-method> <!-- LoginTest -->
      </class> <!-- com.orange.TestScripts.LoginTestCase -->
    </test> <!-- Test -->
  </suite> <!-- Suite -->
</testng-results>
